2018-01-22 18:40:39,126 [main ] INFO  Constant - Copying defaults from C:\Users\gunwant_s\Desktop\ZAP_HOMEDIR\ZAP\.\xml\config.xml to \\INSTANCE-1\Users\gunwant_s\Desktop\ZAP_HOMEDIR\ZAP\config.xml
2018-01-22 18:40:39,178 [main ] INFO  Constant - Creating directory \\INSTANCE-1\Users\gunwant_s\Desktop\ZAP_HOMEDIR\ZAP\session
2018-01-22 18:40:39,179 [main ] INFO  Constant - Creating directory \\INSTANCE-1\Users\gunwant_s\Desktop\ZAP_HOMEDIR\ZAP\dirbuster
2018-01-22 18:40:39,180 [main ] INFO  Constant - Creating directory \\INSTANCE-1\Users\gunwant_s\Desktop\ZAP_HOMEDIR\ZAP\fuzzers
2018-01-22 18:40:39,182 [main ] INFO  Constant - Creating directory: \\INSTANCE-1\Users\gunwant_s\Desktop\ZAP_HOMEDIR\ZAP\filter
2018-01-22 18:40:39,603 [main ] INFO  DaemonBootstrap - OWASP ZAP D-2017-12-04 started 22/01/18 18:40:39 with home \\INSTANCE-1\Users\gunwant_s\Desktop\ZAP_HOMEDIR\ZAP\
2018-01-22 18:40:39,659 [main ] INFO  AbstractParam - Setting config api.key = ZAPROXY-PLUGIN was null
2018-01-22 18:40:39,665 [main ] INFO  SSLConnector - Reading supported SSL/TLS protocols...
2018-01-22 18:40:39,665 [main ] INFO  SSLConnector - Using a SSLEngine...
2018-01-22 18:40:39,705 [main ] INFO  SSLConnector - Done reading supported SSL/TLS protocols: [SSLv2Hello, SSLv3, TLSv1, TLSv1.1, TLSv1.2]
2018-01-22 18:40:39,715 [main ] INFO  OptionsParamCertificate - Unsafe SSL renegotiation disabled.
2018-01-22 18:40:40,623 [main ] INFO  ENGINE - open start - state not modified
2018-01-22 18:40:40,843 [main ] INFO  ENGINE - dataFileCache open start
2018-01-22 18:40:40,867 [main ] INFO  ENGINE - dataFileCache open end
2018-01-22 18:40:40,972 [ZAP-daemon] INFO  ExtensionFactory - Loading extensions
2018-01-22 18:40:59,801 [ZAP-daemon] INFO  ExtensionFactory - Installed add-ons: [[id=accessControl, version=4.0.0], [id=alertFilters, version=6.0.0], [id=ascanrules, version=28.0.0], [id=ascanrulesBeta, version=22.0.0], [id=bruteforce, version=7.0.0], [id=coreLang, version=12.0.0], [id=cspscanner, version=4.0.0], [id=diff, version=8.0.0], [id=directorylistv1, version=3.0.0], [id=formhandler, version=1.0.0], [id=fuzz, version=10.0.0], [id=gettingStarted, version=8.0.0], [id=help, version=8.0.0], [id=importurls, version=5.0.0], [id=invoke, version=8.0.0], [id=jxbrowser, version=7.0.0], [id=jxbrowserlinux64, version=5.0.0], [id=jxbrowsermacos, version=5.0.0], [id=jxbrowserwindows, version=5.0.0], [id=onlineMenu, version=6.0.0], [id=openapi, version=8.0.0], [id=plugnhack, version=11.0.0], [id=portscan, version=8.0.0], [id=pscanrules, version=21.0.0], [id=pscanrulesBeta, version=17.0.0], [id=quickstart, version=22.0.0], [id=replacer, version=4.0.0], [id=reveal, version=2.0.0], [id=saverawmessage, version=4.0.0], [id=scripts, version=23.0.0], [id=selenium, version=13.0.0], [id=sequence, version=5.0.0], [id=soap, version=3.0.0], [id=spiderAjax, version=20.0.0], [id=tips, version=6.0.0], [id=webdriverlinux, version=4.0.0], [id=webdrivermacos, version=4.0.0], [id=webdriverwindows, version=4.0.0], [id=websocket, version=14.0.0], [id=zest, version=26.0.0]]
2018-01-22 18:41:01,763 [ZAP-daemon] INFO  ExtensionFactory - Extensions loaded
2018-01-22 18:41:02,252 [ZAP-daemon] INFO  FilterFactory - loaded filter Change user agent to other browsers. 
2018-01-22 18:41:02,253 [ZAP-daemon] INFO  FilterFactory - loaded filter Detect insecure or potentially malicious content in HTTP responses.
2018-01-22 18:41:02,253 [ZAP-daemon] INFO  FilterFactory - loaded filter Detect and alert 'Set-cookie' attempt in HTTP response for modification.
2018-01-22 18:41:02,253 [ZAP-daemon] INFO  FilterFactory - loaded filter Avoid browser cache (strip off IfModifiedSince)
2018-01-22 18:41:02,253 [ZAP-daemon] INFO  FilterFactory - loaded filter Log cookies sent by browser.
2018-01-22 18:41:02,253 [ZAP-daemon] INFO  FilterFactory - loaded filter Log unique GET queries into file:filter\get.xls
2018-01-22 18:41:02,253 [ZAP-daemon] INFO  FilterFactory - loaded filter Log unique POST queries into file:  filter\post.xls
2018-01-22 18:41:02,254 [ZAP-daemon] INFO  FilterFactory - loaded filter Log request and response into file: filter\message.txt
2018-01-22 18:41:02,254 [ZAP-daemon] INFO  FilterFactory - loaded filter Replace HTTP request body using defined pattern.
2018-01-22 18:41:02,255 [ZAP-daemon] INFO  FilterFactory - loaded filter Replace HTTP request header using defined pattern.
2018-01-22 18:41:02,255 [ZAP-daemon] INFO  FilterFactory - loaded filter Replace HTTP response body using defined pattern.
2018-01-22 18:41:02,256 [ZAP-daemon] INFO  FilterFactory - loaded filter Replace HTTP response header using defined pattern.
2018-01-22 18:41:02,256 [ZAP-daemon] INFO  FilterFactory - loaded filter Send ZAP session request ID
2018-01-22 18:41:02,689 [ZAP-daemon] INFO  ExtensionLoader - Initializing Allows ZAP to check for updates
2018-01-22 18:41:02,702 [ZAP-daemon] INFO  ExtensionLoader - Initializing Options Extension
2018-01-22 18:41:02,702 [ZAP-daemon] INFO  ExtensionLoader - Initializing Edit Menu Extension
2018-01-22 18:41:02,702 [ZAP-daemon] INFO  ExtensionLoader - Initializing Filter Extension
2018-01-22 18:41:02,703 [ZAP-daemon] INFO  ExtensionLoader - Initializing Provides a rest based API for controlling and accessing ZAP
2018-01-22 18:41:02,771 [ZAP-daemon] INFO  ExtensionLoader - Initializing Session State Extension
2018-01-22 18:41:02,771 [ZAP-daemon] INFO  ExtensionLoader - Initializing Report Extension
2018-01-22 18:41:02,771 [ZAP-daemon] INFO  ExtensionLoader - Initializing History Extension
2018-01-22 18:41:02,773 [ZAP-daemon] INFO  ExtensionLoader - Initializing Show hidden fields and enable disabled fields
2018-01-22 18:41:02,774 [ZAP-daemon] INFO  ExtensionLoader - Initializing Search messages for strings and regular expressions
2018-01-22 18:41:02,775 [ZAP-daemon] INFO  ExtensionLoader - Initializing Encode/Decode/Hash...
2018-01-22 18:41:02,775 [ZAP-daemon] INFO  ExtensionLoader - Initializing Allows you to intercept and modify requests and responses
2018-01-22 18:41:02,776 [ZAP-daemon] INFO  ExtensionLoader - Initializing Passive scanner
2018-01-22 18:41:02,909 [ZAP-daemon] INFO  ExtensionPassiveScan - loaded passive scan rule: Script Passive Scan Rules
2018-01-22 18:41:02,909 [ZAP-daemon] INFO  ExtensionPassiveScan - loaded passive scan rule: Stats Passive Scan Rule
2018-01-22 18:41:02,909 [ZAP-daemon] INFO  ExtensionPassiveScan - loaded passive scan rule: CSP Scanner
2018-01-22 18:41:02,910 [ZAP-daemon] INFO  ExtensionPassiveScan - loaded passive scan rule: Application Error Disclosure
2018-01-22 18:41:02,910 [ZAP-daemon] INFO  ExtensionPassiveScan - loaded passive scan rule: Incomplete or No Cache-control and Pragma HTTP Header Set
2018-01-22 18:41:02,910 [ZAP-daemon] INFO  ExtensionPassiveScan - loaded passive scan rule: Content-Type Header Missing
2018-01-22 18:41:02,910 [ZAP-daemon] INFO  ExtensionPassiveScan - loaded passive scan rule: Cookie No HttpOnly Flag
2018-01-22 18:41:02,910 [ZAP-daemon] INFO  ExtensionPassiveScan - loaded passive scan rule: Cookie Without Secure Flag
2018-01-22 18:41:02,910 [ZAP-daemon] INFO  ExtensionPassiveScan - loaded passive scan rule: Cross-Domain JavaScript Source File Inclusion
2018-01-22 18:41:02,914 [ZAP-daemon] INFO  ExtensionPassiveScan - loaded passive scan rule: Web Browser XSS Protection Not Enabled
2018-01-22 18:41:02,914 [ZAP-daemon] INFO  ExtensionPassiveScan - loaded passive scan rule: Secure Pages Include Mixed Content
2018-01-22 18:41:02,914 [ZAP-daemon] INFO  ExtensionPassiveScan - loaded passive scan rule: Password Autocomplete in Browser
2018-01-22 18:41:02,914 [ZAP-daemon] INFO  ExtensionPassiveScan - loaded passive scan rule: Private IP Disclosure
2018-01-22 18:41:02,914 [ZAP-daemon] INFO  ExtensionPassiveScan - loaded passive scan rule: Session ID in URL Rewrite
2018-01-22 18:41:02,914 [ZAP-daemon] INFO  ExtensionPassiveScan - loaded passive scan rule: X-Content-Type-Options Header Missing
2018-01-22 18:41:02,915 [ZAP-daemon] INFO  ExtensionPassiveScan - loaded passive scan rule: X-Frame-Options Header Scanner
2018-01-22 18:41:02,915 [ZAP-daemon] INFO  ExtensionPassiveScan - loaded passive scan rule: Charset Mismatch
2018-01-22 18:41:02,921 [ZAP-daemon] INFO  ExtensionPassiveScan - loaded passive scan rule: Loosely Scoped Cookie
2018-01-22 18:41:02,921 [ZAP-daemon] INFO  ExtensionPassiveScan - loaded passive scan rule: Absence of Anti-CSRF Tokens
2018-01-22 18:41:02,921 [ZAP-daemon] INFO  ExtensionPassiveScan - loaded passive scan rule: Information Disclosure - Debug Error Messages
2018-01-22 18:41:02,921 [ZAP-daemon] INFO  ExtensionPassiveScan - loaded passive scan rule: Information Disclosure - Sensitive Informations in URL
2018-01-22 18:41:02,921 [ZAP-daemon] INFO  ExtensionPassiveScan - loaded passive scan rule: Information Disclosure - Sensitive Information in HTTP Referrer Header
2018-01-22 18:41:02,921 [ZAP-daemon] INFO  ExtensionPassiveScan - loaded passive scan rule: Information Disclosure - Suspicious Comments
2018-01-22 18:41:02,922 [ZAP-daemon] INFO  ExtensionPassiveScan - loaded passive scan rule: Weak Authentication Method
2018-01-22 18:41:02,922 [ZAP-daemon] INFO  ExtensionPassiveScan - loaded passive scan rule: Insecure JSF ViewState
2018-01-22 18:41:02,922 [ZAP-daemon] INFO  ExtensionPassiveScan - loaded passive scan rule: HTTP Parameter Override
2018-01-22 18:41:02,922 [ZAP-daemon] INFO  ExtensionPassiveScan - loaded passive scan rule: Viewstate Scanner
2018-01-22 18:41:02,923 [ZAP-daemon] INFO  ExtensionPassiveScan - loaded passive scan rule: WSDL File Passive Scanner
2018-01-22 18:41:02,940 [ZAP-daemon] INFO  ExtensionLoader - Initializing Allows you to view and manage alerts
2018-01-22 18:41:02,941 [ZAP-daemon] INFO  ExtensionLoader - Initializing Active scanner, heavily based on the original Paros active scanner, but with additional tests added
2018-01-22 18:41:02,949 [ZAP-daemon] INFO  ExtensionLoader - Initializing ExtensionSequence
2018-01-22 18:41:02,949 [ZAP-daemon] INFO  ExtensionLoader - Initializing Spider used for automatically finding URIs on a site
2018-01-22 18:41:02,958 [ZAP-daemon] INFO  ExtensionLoader - Initializing A set of common popup menus for miscellaneous tasks
2018-01-22 18:41:02,958 [ZAP-daemon] INFO  ExtensionLoader - Initializing Forced browsing of files and directories using code from the OWASP DirBuster tool
2018-01-22 18:41:02,959 [ZAP-daemon] INFO  ExtensionLoader - Initializing Simple but effective port scanner
2018-01-22 18:41:02,960 [ZAP-daemon] INFO  ExtensionLoader - Initializing Manual Request Editor Extension
2018-01-22 18:41:02,960 [ZAP-daemon] INFO  ExtensionLoader - Initializing Compares 2 sessions and generates an HTML file showing the differences
2018-01-22 18:41:02,960 [ZAP-daemon] INFO  ExtensionLoader - Initializing Invoke external applications passing context related information such as URLs and parameters
2018-01-22 18:41:02,961 [ZAP-daemon] INFO  ExtensionLoader - Initializing Handles anti cross site request forgery (CSRF) tokens
2018-01-22 18:41:02,962 [ZAP-daemon] INFO  ExtensionLoader - Initializing Authentication Extension
2018-01-22 18:41:03,030 [ZAP-daemon] INFO  ExtensionAuthentication - Loaded authentication method types: [Form-based Authentication, HTTP/NTLM Authentication, Manual Authentication, Script-based Authentication]
2018-01-22 18:41:03,031 [ZAP-daemon] INFO  ExtensionLoader - Initializing Creates a dynamic SSL certificate to allow SSL communications to be intercepted without warnings being generated by the browser
2018-01-22 18:41:03,031 [ZAP-daemon] INFO  ExtensionLoader - Initializing Logs errors to the Output tab in development mode only
2018-01-22 18:41:03,031 [ZAP-daemon] INFO  ExtensionLoader - Initializing Users Extension
2018-01-22 18:41:03,034 [ZAP-daemon] INFO  ExtensionLoader - Initializing Summarise and analyse FORM and URL parameters as well as cookies
2018-01-22 18:41:03,035 [ZAP-daemon] INFO  ExtensionLoader - Initializing Script integration
2018-01-22 18:41:03,060 [ZAP-daemon] INFO  ExtensionLoader - Initializing Scripting console, supports all JSR 223 scripting languages
2018-01-22 18:41:03,060 [ZAP-daemon] INFO  ExtensionLoader - Initializing Forced User Extension
2018-01-22 18:41:03,060 [ZAP-daemon] INFO  ExtensionLoader - Initializing Extension handling HTTP sessions
2018-01-22 18:41:03,066 [ZAP-daemon] INFO  ExtensionLoader - Initializing Zest is a specialized scripting language from Mozilla specifically designed to be used in security tools
2018-01-22 18:41:04,071 [ZAP-daemon] INFO  ExtensionLoader - Initializing ExtensionDiff
2018-01-22 18:41:04,072 [ZAP-daemon] INFO  ExtensionLoader - Initializing HTTP Panel Post Table View Extension
2018-01-22 18:41:04,072 [ZAP-daemon] INFO  ExtensionLoader - Initializing Simple browser configuration
2018-01-22 18:41:04,073 [ZAP-daemon] INFO  ExtensionLoader - Initializing Session Management Extension
2018-01-22 18:41:04,076 [ZAP-daemon] INFO  ExtensionSessionManagement - Loaded session management method types: [Cookie-based Session Management, HTTP Authentication Session Management]
2018-01-22 18:41:04,077 [ZAP-daemon] INFO  ExtensionLoader - Initializing HTTP Panel Form Table View Extension
2018-01-22 18:41:04,077 [ZAP-daemon] INFO  ExtensionLoader - Initializing Capture messages from WebSockets with the ability to set breakpoints.
2018-01-22 18:41:04,083 [ZAP-daemon] INFO  ExtensionLoader - Initializing Allows you to import a file containing URLs which ZAP will access, adding them to the Sites tree
2018-01-22 18:41:04,084 [ZAP-daemon] INFO  ExtensionLoader - Initializing Allows you to import a WSDL file containing operations which ZAP will access, adding them to the Sites tree.
2018-01-22 18:41:04,085 [ZAP-daemon] INFO  ExtensionLoader - Initializing Core UI related functionality.
2018-01-22 18:41:04,085 [ZAP-daemon] INFO  ExtensionLoader - Initializing Authorization Extension
2018-01-22 18:41:04,085 [ZAP-daemon] INFO  ExtensionLoader - Initializing AJAX Spider, uses Crawljax
2018-01-22 18:41:04,087 [ZAP-daemon] INFO  ExtensionLoader - Initializing Provides WebDrivers to control several browsers using Selenium and includes HtmlUnit browser.
2018-01-22 18:41:06,220 [ZAP-daemon] INFO  ExtensionLoader - Initializing Manages the local proxy configurations
2018-01-22 18:41:06,222 [ZAP-daemon] INFO  ExtensionLoader - Initializing Add-on that adds a set of tools for testing access control in web applications.
2018-01-22 18:41:06,222 [ZAP-daemon] INFO  ExtensionLoader - Initializing Handles adding Global Excluded URLs
2018-01-22 18:41:06,223 [ZAP-daemon] INFO  ExtensionLoader - Initializing Adds menu item to refresh the Sites tree
2018-01-22 18:41:06,223 [ZAP-daemon] INFO  ExtensionLoader - Initializing Adds support for configurable keyboard shortcuts for all of the ZAP menus.
2018-01-22 18:41:06,224 [ZAP-daemon] INFO  ExtensionLoader - Initializing OWASP ZAP User Guide
2018-01-22 18:41:06,224 [ZAP-daemon] INFO  ExtensionLoader - Initializing Provides a URL suitable for calling from target sites
2018-01-22 18:41:06,282 [ZAP-daemon] INFO  ExtensionLoader - Initializing Allows you to configure which extensions are loaded when ZAP starts
2018-01-22 18:41:06,282 [ZAP-daemon] INFO  ExtensionLoader - Initializing Combined HTTP Panels Extension
2018-01-22 18:41:06,282 [ZAP-daemon] INFO  ExtensionLoader - Initializing HTTP Panel Hex View Extension
2018-01-22 18:41:06,282 [ZAP-daemon] INFO  ExtensionLoader - Initializing HTTP Panel Image View Extension
2018-01-22 18:41:06,283 [ZAP-daemon] INFO  ExtensionLoader - Initializing HTTP Panel Large Request View Extension
2018-01-22 18:41:06,283 [ZAP-daemon] INFO  ExtensionLoader - Initializing HTTP Panel Large Response View Extension
2018-01-22 18:41:06,283 [ZAP-daemon] INFO  ExtensionLoader - Initializing HTTP Panel Query Table View Extension
2018-01-22 18:41:06,283 [ZAP-daemon] INFO  ExtensionLoader - Initializing HTTP Panel Syntax Highlighter View Extension
2018-01-22 18:41:06,283 [ZAP-daemon] INFO  ExtensionLoader - Initializing Active and passive rule configuration
2018-01-22 18:41:06,286 [ZAP-daemon] INFO  ExtensionLoader - Initializing Statistics
2018-01-22 18:41:06,288 [ZAP-daemon] INFO  ExtensionStats - Start recording in memory stats
2018-01-22 18:41:06,289 [ZAP-daemon] INFO  ExtensionLoader - Initializing Context alert rules filter
2018-01-22 18:41:06,290 [ZAP-daemon] INFO  ExtensionLoader - Initializing Active Scan Rules
2018-01-22 18:41:06,291 [ZAP-daemon] INFO  ExtensionLoader - Initializing Active Scan Rules - beta
2018-01-22 18:41:06,292 [ZAP-daemon] INFO  ExtensionLoader - Initializing Translations of the core language files
2018-01-22 18:41:06,292 [ZAP-daemon] INFO  ExtensionLoader - Initializing Content Security Policy Scanner
2018-01-22 18:41:06,294 [ZAP-daemon] INFO  ExtensionLoader - Initializing This extension allows a user to change the default values used by ZAP Spiders.
2018-01-22 18:41:06,297 [ZAP-daemon] INFO  ExtensionLoader - Initializing Provides the foundation for concrete message types (for example, HTTP, WebSockets) expose fuzzer implementations.
2018-01-22 18:41:06,299 [ZAP-daemon] INFO  ExtensionLoader - Initializing Allows to fuzz HTTP messages.
2018-01-22 18:41:06,300 [ZAP-daemon] INFO  ExtensionLoader - Initializing The ZAP Getting Started Guide
2018-01-22 18:41:06,300 [ZAP-daemon] INFO  ExtensionLoader - Initializing ExtensionJxBrowser
2018-01-22 18:41:06,300 [ZAP-daemon] INFO  ExtensionLoader - Initializing ExtensionJxBrowserLinux64
2018-01-22 18:41:06,300 [ZAP-daemon] INFO  ExtensionLoader - Initializing ExtSelJxBrowserLinux64
2018-01-22 18:41:06,301 [ZAP-daemon] INFO  ExtensionLoader - Initializing ExtensionJxBrowserMaxOS
2018-01-22 18:41:06,301 [ZAP-daemon] INFO  ExtensionLoader - Initializing ExtSelJxBrowserMacOs
2018-01-22 18:41:06,301 [ZAP-daemon] INFO  ExtensionLoader - Initializing ExtensionJxBrowserWindows
2018-01-22 18:41:06,301 [ZAP-daemon] INFO  ExtensionLoader - Initializing ExtSelJxBrowserWindows
2018-01-22 18:41:06,512 [ZAP-daemon] INFO  ExtensionLoader - Initializing The Online menu links
2018-01-22 18:41:06,513 [ZAP-daemon] INFO  ExtensionLoader - Initializing Allows you to spider and import OpenAPI (Swagger) definitions 
2018-01-22 18:41:06,527 [ZAP-daemon] INFO  ExtensionLoader - Initializing Passive Scan Rules
2018-01-22 18:41:06,527 [ZAP-daemon] INFO  ExtensionLoader - Initializing Passive Scan Rules - beta
2018-01-22 18:41:06,527 [ZAP-daemon] INFO  ExtensionLoader - Initializing Quick Start panel 
2018-01-22 18:41:06,528 [ZAP-daemon] INFO  ExtensionLoader - Initializing Launch browsers proxying through ZAP
2018-01-22 18:41:06,531 [ZAP-daemon] INFO  ExtensionLoader - Initializing Quick Start Plug-n-Hack
2018-01-22 18:41:06,532 [ZAP-daemon] INFO  ExtensionLoader - Initializing Easy way to replace strings in requests and responses
2018-01-22 18:41:06,538 [ZAP-daemon] INFO  ExtensionLoader - Initializing ExtensionSaveRawHttpMessage
2018-01-22 18:41:06,539 [ZAP-daemon] INFO  ExtensionLoader - Initializing Tips and Tricks
2018-01-22 18:41:06,540 [ZAP-daemon] INFO  ExtensionLoader - Initializing Allows to fuzz WebSocket messages.
2018-01-22 18:41:08,107 [ZAP-daemon] INFO  ExtensionCallback - Started callback server on 0.0.0.0:52259
2018-01-22 18:41:08,107 [ZAP-daemon] INFO  ExtensionDynSSL - Creating new root CA certificate
2018-01-22 18:41:09,215 [ZAP-daemon] INFO  ExtensionDynSSL - New root CA certificate created
2018-01-22 18:41:09,217 [ZAP-daemon] INFO  DaemonBootstrap - ZAP is now listening on localhost:7676
2018-01-22 18:41:10,145 [ZAP-ProxyThread-2] INFO  Control - Save Session
2018-01-22 18:41:10,239 [Thread-6] INFO  ENGINE - dataFileCache commit start
2018-01-22 18:41:10,241 [Thread-6] INFO  ENGINE - dataFileCache commit end
2018-01-22 18:41:10,330 [Thread-6] INFO  ENGINE - Database closed
2018-01-22 18:41:10,522 [Thread-6] INFO  ENGINE - open start - state not modified
2018-01-22 18:41:10,587 [Thread-6] INFO  ENGINE - dataFileCache open start
2018-01-22 18:41:10,589 [Thread-6] INFO  ENGINE - dataFileCache open end
2018-01-22 18:41:12,165 [ZAP-SpiderInitThread-0] INFO  SpiderThread - Starting spidering scan on Context: Default Context at Mon Jan 22 18:41:12 IST 2018
2018-01-22 18:41:12,204 [ZAP-SpiderInitThread-0] INFO  Spider - Spider initializing...
2018-01-22 18:41:12,250 [ZAP-SpiderInitThread-0] INFO  Spider - Starting spider...
2018-01-22 18:41:12,251 [ZAP-SpiderInitThread-0] INFO  Spider - Scan will be performed from the point of view of User: jsmith
2018-01-22 18:41:12,274 [ZAP-SpiderThreadPool-0-thread-1] INFO  User - Authenticating user: jsmith
2018-01-22 18:41:12,819 [ZAP-SpiderThreadPool-0-thread-1] INFO  Spider - Spidering process is complete. Shutting down...
2018-01-22 18:41:12,822 [ZAP-SpiderShutdownThread-0] INFO  SpiderThread - Spider scanning complete: true
2018-01-22 18:41:17,316 [ZAP-ProxyThread-21] INFO  Scanner - scanner started
2018-01-22 18:41:17,462 [Thread-10] INFO  User - Authenticating user: jsmith
2018-01-22 18:41:17,901 [Thread-10] INFO  HostProcess - Scanning 1 node(s) from http://demo.testfire.net as jsmith
2018-01-22 18:41:17,902 [Thread-10] INFO  HostProcess - start host http://demo.testfire.net | TestPathTraversal strength MEDIUM threshold MEDIUM
2018-01-22 18:41:17,971 [ZAP-ActiveScanner-0] INFO  User - Authenticating user: jsmith
2018-01-22 18:41:18,383 [ZAP-ActiveScanner-0] INFO  User - Authenticating user: jsmith
2018-01-22 18:41:18,805 [ZAP-ActiveScanner-0] INFO  User - Authenticating user: jsmith
2018-01-22 18:41:19,269 [ZAP-ActiveScanner-0] INFO  User - Authenticating user: jsmith
2018-01-22 18:41:19,684 [ZAP-ActiveScanner-0] INFO  User - Authenticating user: jsmith
2018-01-22 18:41:20,152 [ZAP-ActiveScanner-0] INFO  User - Authenticating user: jsmith
2018-01-22 18:41:20,615 [ZAP-ActiveScanner-0] INFO  User - Authenticating user: jsmith
2018-01-22 18:41:21,047 [ZAP-ActiveScanner-0] INFO  User - Authenticating user: jsmith
2018-01-22 18:41:21,455 [ZAP-ActiveScanner-0] INFO  User - Authenticating user: jsmith
2018-01-22 18:41:21,820 [ZAP-ActiveScanner-0] INFO  User - Authenticating user: jsmith
2018-01-22 18:41:22,274 [ZAP-ActiveScanner-0] INFO  User - Authenticating user: jsmith
2018-01-22 18:41:22,704 [ZAP-ActiveScanner-0] INFO  User - Authenticating user: jsmith
2018-01-22 18:41:23,221 [ZAP-ActiveScanner-0] INFO  User - Authenticating user: jsmith
2018-01-22 18:41:23,671 [ZAP-ActiveScanner-0] INFO  User - Authenticating user: jsmith
2018-01-22 18:41:24,129 [ZAP-ActiveScanner-0] INFO  User - Authenticating user: jsmith
2018-01-22 18:41:24,538 [Thread-10] INFO  HostProcess - completed host/plugin http://demo.testfire.net | TestPathTraversal in 6.635s with 15 message(s) sent and 0 alert(s) raised.
2018-01-22 18:41:24,538 [Thread-10] INFO  HostProcess - start host http://demo.testfire.net | TestRemoteFileInclude strength MEDIUM threshold MEDIUM
2018-01-22 18:41:24,566 [ZAP-ActiveScanner-0] INFO  User - Authenticating user: jsmith
2018-01-22 18:41:25,006 [ZAP-ActiveScanner-0] INFO  User - Authenticating user: jsmith
2018-01-22 18:41:25,426 [ZAP-ActiveScanner-0] INFO  User - Authenticating user: jsmith
2018-01-22 18:41:25,771 [ZAP-ActiveScanner-0] INFO  User - Authenticating user: jsmith
2018-01-22 18:41:26,173 [ZAP-ActiveScanner-0] INFO  User - Authenticating user: jsmith
2018-01-22 18:41:26,590 [ZAP-ActiveScanner-0] INFO  User - Authenticating user: jsmith
2018-01-22 18:41:26,997 [ZAP-ActiveScanner-0] INFO  User - Authenticating user: jsmith
2018-01-22 18:41:27,422 [ZAP-ActiveScanner-0] INFO  User - Authenticating user: jsmith
2018-01-22 18:41:27,841 [ZAP-ActiveScanner-0] INFO  User - Authenticating user: jsmith
2018-01-22 18:41:28,269 [ZAP-ActiveScanner-0] INFO  User - Authenticating user: jsmith
2018-01-22 18:41:28,619 [Thread-10] INFO  HostProcess - completed host/plugin http://demo.testfire.net | TestRemoteFileInclude in 4.081s with 10 message(s) sent and 0 alert(s) raised.
2018-01-22 18:41:28,620 [Thread-10] INFO  HostProcess - start host http://demo.testfire.net | TestServerSideInclude strength MEDIUM threshold MEDIUM
2018-01-22 18:41:28,646 [ZAP-ActiveScanner-0] INFO  User - Authenticating user: jsmith
2018-01-22 18:41:29,061 [ZAP-ActiveScanner-0] INFO  User - Authenticating user: jsmith
2018-01-22 18:41:29,586 [ZAP-ActiveScanner-0] INFO  User - Authenticating user: jsmith
2018-01-22 18:41:29,982 [ZAP-ActiveScanner-0] INFO  User - Authenticating user: jsmith
2018-01-22 18:41:30,379 [Thread-10] INFO  HostProcess - completed host/plugin http://demo.testfire.net | TestServerSideInclude in 1.759s with 4 message(s) sent and 0 alert(s) raised.
2018-01-22 18:41:30,380 [Thread-10] INFO  HostProcess - start host http://demo.testfire.net | TestCrossSiteScriptV2 strength MEDIUM threshold MEDIUM
2018-01-22 18:41:30,453 [ZAP-ActiveScanner-0] INFO  User - Authenticating user: jsmith
2018-01-22 18:41:30,871 [ZAP-ActiveScanner-0] INFO  User - Authenticating user: jsmith
2018-01-22 18:41:31,191 [ZAP-ActiveScanner-0] INFO  User - Authenticating user: jsmith
2018-01-22 18:41:31,578 [Thread-10] INFO  HostProcess - completed host/plugin http://demo.testfire.net | TestCrossSiteScriptV2 in 1.198s with 3 message(s) sent and 0 alert(s) raised.
2018-01-22 18:41:31,578 [Thread-10] INFO  HostProcess - start host http://demo.testfire.net | TestPersistentXSSPrime strength MEDIUM threshold MEDIUM
2018-01-22 18:41:31,611 [ZAP-ActiveScanner-0] INFO  User - Authenticating user: jsmith
2018-01-22 18:41:31,885 [Thread-10] INFO  HostProcess - completed host/plugin http://demo.testfire.net | TestPersistentXSSPrime in 0.307s with 1 message(s) sent and 0 alert(s) raised.
2018-01-22 18:41:31,886 [Thread-10] INFO  HostProcess - start host http://demo.testfire.net | TestPersistentXSSSpider strength MEDIUM threshold MEDIUM
2018-01-22 18:41:31,916 [ZAP-ActiveScanner-0] INFO  User - Authenticating user: jsmith
2018-01-22 18:41:32,338 [Thread-10] INFO  HostProcess - completed host/plugin http://demo.testfire.net | TestPersistentXSSSpider in 0.452s with 1 message(s) sent and 0 alert(s) raised.
2018-01-22 18:41:32,339 [Thread-10] INFO  HostProcess - start host http://demo.testfire.net | TestPersistentXSSAttack strength MEDIUM threshold MEDIUM
2018-01-22 18:41:32,344 [Thread-10] INFO  HostProcess - completed host/plugin http://demo.testfire.net | TestPersistentXSSAttack in 0.005s with 0 message(s) sent and 0 alert(s) raised.
2018-01-22 18:41:32,345 [Thread-10] INFO  HostProcess - start host http://demo.testfire.net | TestSQLInjection strength MEDIUM threshold MEDIUM
2018-01-22 18:41:32,370 [ZAP-ActiveScanner-0] INFO  User - Authenticating user: jsmith
2018-01-22 18:41:32,788 [ZAP-ActiveScanner-0] INFO  User - Authenticating user: jsmith
2018-01-22 18:41:33,114 [ZAP-ActiveScanner-0] INFO  User - Authenticating user: jsmith
2018-01-22 18:41:33,536 [ZAP-ActiveScanner-0] INFO  User - Authenticating user: jsmith
2018-01-22 18:41:33,990 [ZAP-ActiveScanner-0] INFO  User - Authenticating user: jsmith
2018-01-22 18:41:34,199 [ZAP-ActiveScanner-0] INFO  User - Authenticating user: jsmith
2018-01-22 18:41:34,640 [ZAP-ActiveScanner-0] INFO  User - Authenticating user: jsmith
2018-01-22 18:41:34,946 [ZAP-ActiveScanner-0] INFO  User - Authenticating user: jsmith
2018-01-22 18:41:35,262 [ZAP-ActiveScanner-0] INFO  User - Authenticating user: jsmith
2018-01-22 18:41:35,652 [ZAP-ActiveScanner-0] INFO  User - Authenticating user: jsmith
2018-01-22 18:41:35,947 [ZAP-ActiveScanner-0] INFO  User - Authenticating user: jsmith
2018-01-22 18:41:36,589 [ZAP-ActiveScanner-0] INFO  User - Authenticating user: jsmith
2018-01-22 18:41:36,910 [ZAP-ActiveScanner-0] INFO  User - Authenticating user: jsmith
2018-01-22 18:41:37,300 [ZAP-ActiveScanner-0] INFO  User - Authenticating user: jsmith
2018-01-22 18:41:37,693 [ZAP-ActiveScanner-0] INFO  User - Authenticating user: jsmith
2018-01-22 18:41:37,949 [ZAP-ActiveScanner-0] INFO  User - Authenticating user: jsmith
2018-01-22 18:41:38,149 [ZAP-ActiveScanner-0] INFO  User - Authenticating user: jsmith
2018-01-22 18:41:38,372 [ZAP-ActiveScanner-0] INFO  User - Authenticating user: jsmith
2018-01-22 18:41:38,588 [ZAP-ActiveScanner-0] INFO  User - Authenticating user: jsmith
2018-01-22 18:41:38,791 [ZAP-ActiveScanner-0] INFO  User - Authenticating user: jsmith
2018-01-22 18:41:39,011 [ZAP-ActiveScanner-0] INFO  User - Authenticating user: jsmith
2018-01-22 18:41:39,218 [ZAP-ActiveScanner-0] INFO  User - Authenticating user: jsmith
2018-01-22 18:41:39,419 [ZAP-ActiveScanner-0] INFO  User - Authenticating user: jsmith
2018-01-22 18:41:39,622 [ZAP-ActiveScanner-0] INFO  User - Authenticating user: jsmith
2018-01-22 18:41:39,841 [ZAP-ActiveScanner-0] INFO  User - Authenticating user: jsmith
2018-01-22 18:41:40,044 [ZAP-ActiveScanner-0] INFO  User - Authenticating user: jsmith
2018-01-22 18:41:40,226 [Thread-10] INFO  HostProcess - completed host/plugin http://demo.testfire.net | TestSQLInjection in 7.882s with 26 message(s) sent and 0 alert(s) raised.
2018-01-22 18:41:40,227 [Thread-10] INFO  HostProcess - start host http://demo.testfire.net | CodeInjectionPlugin strength MEDIUM threshold MEDIUM
2018-01-22 18:41:40,250 [ZAP-ActiveScanner-0] INFO  User - Authenticating user: jsmith
2018-01-22 18:41:40,467 [ZAP-ActiveScanner-0] INFO  User - Authenticating user: jsmith
2018-01-22 18:41:40,671 [ZAP-ActiveScanner-0] INFO  User - Authenticating user: jsmith
2018-01-22 18:41:40,875 [ZAP-ActiveScanner-0] INFO  User - Authenticating user: jsmith
2018-01-22 18:41:41,133 [ZAP-ActiveScanner-0] INFO  User - Authenticating user: jsmith
2018-01-22 18:41:41,349 [ZAP-ActiveScanner-0] INFO  User - Authenticating user: jsmith
2018-01-22 18:41:41,556 [ZAP-ActiveScanner-0] INFO  User - Authenticating user: jsmith
2018-01-22 18:41:41,890 [ZAP-ActiveScanner-0] INFO  User - Authenticating user: jsmith
2018-01-22 18:41:42,081 [Thread-10] INFO  HostProcess - completed host/plugin http://demo.testfire.net | CodeInjectionPlugin in 1.854s with 8 message(s) sent and 0 alert(s) raised.
2018-01-22 18:41:42,082 [Thread-10] INFO  HostProcess - start host http://demo.testfire.net | CommandInjectionPlugin strength MEDIUM threshold MEDIUM
2018-01-22 18:41:42,109 [ZAP-ActiveScanner-0] INFO  User - Authenticating user: jsmith
2018-01-22 18:41:42,310 [ZAP-ActiveScanner-0] INFO  User - Authenticating user: jsmith
2018-01-22 18:41:42,456 [ZAP-ActiveScanner-0] INFO  User - Authenticating user: jsmith
2018-01-22 18:41:42,650 [ZAP-ActiveScanner-0] INFO  User - Authenticating user: jsmith
2018-01-22 18:41:42,896 [ZAP-ActiveScanner-0] INFO  User - Authenticating user: jsmith
2018-01-22 18:41:43,117 [ZAP-ActiveScanner-0] INFO  User - Authenticating user: jsmith
2018-01-22 18:41:43,327 [ZAP-ActiveScanner-0] INFO  User - Authenticating user: jsmith
2018-01-22 18:41:43,542 [ZAP-ActiveScanner-0] INFO  User - Authenticating user: jsmith
2018-01-22 18:41:43,753 [ZAP-ActiveScanner-0] INFO  User - Authenticating user: jsmith
2018-01-22 18:41:44,020 [ZAP-ActiveScanner-0] INFO  User - Authenticating user: jsmith
2018-01-22 18:41:44,214 [ZAP-ActiveScanner-0] INFO  User - Authenticating user: jsmith
2018-01-22 18:41:44,415 [ZAP-ActiveScanner-0] INFO  User - Authenticating user: jsmith
2018-01-22 18:41:44,621 [ZAP-ActiveScanner-0] INFO  User - Authenticating user: jsmith
2018-01-22 18:41:44,827 [ZAP-ActiveScanner-0] INFO  User - Authenticating user: jsmith
2018-01-22 18:41:45,074 [ZAP-ActiveScanner-0] INFO  User - Authenticating user: jsmith
2018-01-22 18:41:45,293 [ZAP-ActiveScanner-0] INFO  User - Authenticating user: jsmith
2018-01-22 18:41:45,496 [ZAP-ActiveScanner-0] INFO  User - Authenticating user: jsmith
2018-01-22 18:41:45,697 [ZAP-ActiveScanner-0] INFO  User - Authenticating user: jsmith
2018-01-22 18:41:45,910 [ZAP-ActiveScanner-0] INFO  User - Authenticating user: jsmith
2018-01-22 18:41:46,106 [ZAP-ActiveScanner-0] INFO  User - Authenticating user: jsmith
2018-01-22 18:41:46,306 [ZAP-ActiveScanner-0] INFO  User - Authenticating user: jsmith
2018-01-22 18:41:46,511 [ZAP-ActiveScanner-0] INFO  User - Authenticating user: jsmith
2018-01-22 18:41:46,713 [ZAP-ActiveScanner-0] INFO  User - Authenticating user: jsmith
2018-01-22 18:41:46,925 [ZAP-ActiveScanner-0] INFO  User - Authenticating user: jsmith
2018-01-22 18:41:47,137 [ZAP-ActiveScanner-0] INFO  User - Authenticating user: jsmith
2018-01-22 18:41:47,337 [ZAP-ActiveScanner-0] INFO  User - Authenticating user: jsmith
2018-01-22 18:41:47,542 [ZAP-ActiveScanner-0] INFO  User - Authenticating user: jsmith
2018-01-22 18:41:47,747 [ZAP-ActiveScanner-0] INFO  User - Authenticating user: jsmith
2018-01-22 18:41:47,953 [ZAP-ActiveScanner-0] INFO  User - Authenticating user: jsmith
2018-01-22 18:41:48,152 [ZAP-ActiveScanner-0] INFO  User - Authenticating user: jsmith
2018-01-22 18:41:48,353 [ZAP-ActiveScanner-0] INFO  User - Authenticating user: jsmith
2018-01-22 18:41:48,558 [ZAP-ActiveScanner-0] INFO  User - Authenticating user: jsmith
2018-01-22 18:41:48,742 [Thread-10] INFO  HostProcess - completed host/plugin http://demo.testfire.net | CommandInjectionPlugin in 6.661s with 32 message(s) sent and 0 alert(s) raised.
2018-01-22 18:41:48,742 [Thread-10] INFO  HostProcess - start host http://demo.testfire.net | TestDirectoryBrowsing strength MEDIUM threshold MEDIUM
2018-01-22 18:41:48,767 [ZAP-ActiveScanner-0] INFO  User - Authenticating user: jsmith
2018-01-22 18:41:48,958 [Thread-10] INFO  HostProcess - completed host/plugin http://demo.testfire.net | TestDirectoryBrowsing in 0.216s with 1 message(s) sent and 0 alert(s) raised.
2018-01-22 18:41:48,959 [Thread-10] INFO  HostProcess - start host http://demo.testfire.net | TestExternalRedirect strength MEDIUM threshold MEDIUM
2018-01-22 18:41:48,986 [ZAP-ActiveScanner-0] INFO  User - Authenticating user: jsmith
2018-01-22 18:41:49,184 [ZAP-ActiveScanner-0] INFO  User - Authenticating user: jsmith
2018-01-22 18:41:49,395 [ZAP-ActiveScanner-0] INFO  User - Authenticating user: jsmith
2018-01-22 18:41:49,607 [ZAP-ActiveScanner-0] INFO  User - Authenticating user: jsmith
2018-01-22 18:41:49,821 [ZAP-ActiveScanner-0] INFO  User - Authenticating user: jsmith
2018-01-22 18:41:50,028 [ZAP-ActiveScanner-0] INFO  User - Authenticating user: jsmith
2018-01-22 18:41:50,231 [ZAP-ActiveScanner-0] INFO  User - Authenticating user: jsmith
2018-01-22 18:41:50,443 [ZAP-ActiveScanner-0] INFO  User - Authenticating user: jsmith
2018-01-22 18:41:50,654 [ZAP-ActiveScanner-0] INFO  User - Authenticating user: jsmith
2018-01-22 18:41:50,834 [Thread-10] INFO  HostProcess - completed host/plugin http://demo.testfire.net | TestExternalRedirect in 1.875s with 9 message(s) sent and 0 alert(s) raised.
2018-01-22 18:41:50,834 [Thread-10] INFO  HostProcess - start host http://demo.testfire.net | BufferOverflow strength MEDIUM threshold MEDIUM
2018-01-22 18:41:50,860 [ZAP-ActiveScanner-0] INFO  User - Authenticating user: jsmith
2018-01-22 18:41:51,055 [Thread-10] INFO  HostProcess - completed host/plugin http://demo.testfire.net | BufferOverflow in 0.221s with 1 message(s) sent and 0 alert(s) raised.
2018-01-22 18:41:51,056 [Thread-10] INFO  HostProcess - start host http://demo.testfire.net | FormatString strength MEDIUM threshold MEDIUM
2018-01-22 18:41:51,114 [ZAP-ActiveScanner-0] INFO  User - Authenticating user: jsmith
2018-01-22 18:41:51,308 [ZAP-ActiveScanner-0] INFO  User - Authenticating user: jsmith
2018-01-22 18:41:51,525 [ZAP-ActiveScanner-0] INFO  User - Authenticating user: jsmith
2018-01-22 18:41:51,708 [Thread-10] INFO  HostProcess - completed host/plugin http://demo.testfire.net | FormatString in 0.652s with 3 message(s) sent and 0 alert(s) raised.
2018-01-22 18:41:51,709 [Thread-10] INFO  HostProcess - start host http://demo.testfire.net | TestInjectionCRLF strength MEDIUM threshold MEDIUM
2018-01-22 18:41:51,733 [ZAP-ActiveScanner-0] INFO  User - Authenticating user: jsmith
2018-01-22 18:41:51,936 [ZAP-ActiveScanner-0] INFO  User - Authenticating user: jsmith
2018-01-22 18:41:52,161 [ZAP-ActiveScanner-0] INFO  User - Authenticating user: jsmith
2018-01-22 18:41:52,371 [ZAP-ActiveScanner-0] INFO  User - Authenticating user: jsmith
2018-01-22 18:41:52,574 [ZAP-ActiveScanner-0] INFO  User - Authenticating user: jsmith
2018-01-22 18:41:52,779 [ZAP-ActiveScanner-0] INFO  User - Authenticating user: jsmith
2018-01-22 18:41:52,995 [ZAP-ActiveScanner-0] INFO  User - Authenticating user: jsmith
2018-01-22 18:41:53,181 [Thread-10] INFO  HostProcess - completed host/plugin http://demo.testfire.net | TestInjectionCRLF in 1.472s with 7 message(s) sent and 0 alert(s) raised.
2018-01-22 18:41:53,181 [Thread-10] INFO  HostProcess - start host http://demo.testfire.net | TestParameterTamper strength MEDIUM threshold MEDIUM
2018-01-22 18:41:53,204 [ZAP-ActiveScanner-0] INFO  User - Authenticating user: jsmith
2018-01-22 18:41:53,417 [ZAP-ActiveScanner-0] INFO  User - Authenticating user: jsmith
2018-01-22 18:41:53,622 [ZAP-ActiveScanner-0] INFO  User - Authenticating user: jsmith
2018-01-22 18:41:53,826 [ZAP-ActiveScanner-0] INFO  User - Authenticating user: jsmith
2018-01-22 18:41:54,027 [ZAP-ActiveScanner-0] INFO  User - Authenticating user: jsmith
2018-01-22 18:41:54,232 [ZAP-ActiveScanner-0] INFO  User - Authenticating user: jsmith
2018-01-22 18:41:54,436 [ZAP-ActiveScanner-0] INFO  User - Authenticating user: jsmith
2018-01-22 18:41:54,635 [Thread-10] INFO  HostProcess - completed host/plugin http://demo.testfire.net | TestParameterTamper in 1.454s with 7 message(s) sent and 0 alert(s) raised.
2018-01-22 18:41:54,636 [Thread-10] INFO  HostProcess - start host http://demo.testfire.net | ScriptsActiveScanner strength MEDIUM threshold MEDIUM
2018-01-22 18:41:54,662 [Thread-10] INFO  HostProcess - skipped plugin [no scripts enabled] http://demo.testfire.net | ScriptsActiveScanner in 0.026s with 0 message(s) sent and 0 alert(s) raised.
2018-01-22 18:41:54,662 [Thread-10] INFO  HostProcess - start host http://demo.testfire.net | SourceCodeDisclosureSVN strength MEDIUM threshold MEDIUM
2018-01-22 18:41:54,665 [Thread-10] INFO  HostProcess - completed host/plugin http://demo.testfire.net | SourceCodeDisclosureSVN in 0.003s with 0 message(s) sent and 0 alert(s) raised.
2018-01-22 18:41:54,665 [Thread-10] INFO  HostProcess - start host http://demo.testfire.net | SourceCodeDisclosureWEBINF strength MEDIUM threshold MEDIUM
2018-01-22 18:41:54,666 [Thread-10] INFO  HostProcess - start host http://demo.testfire.net | ShellShockScanner strength MEDIUM threshold MEDIUM
2018-01-22 18:41:54,721 [ZAP-ActiveScanner-0] INFO  User - Authenticating user: jsmith
2018-01-22 18:41:54,929 [ZAP-ActiveScanner-0] INFO  User - Authenticating user: jsmith
2018-01-22 18:41:55,150 [ZAP-ActiveScanner-0] INFO  User - Authenticating user: jsmith
2018-01-22 18:41:55,351 [ZAP-ActiveScanner-0] INFO  User - Authenticating user: jsmith
2018-01-22 18:41:55,569 [ZAP-ActiveScanner-0] INFO  User - Authenticating user: jsmith
2018-01-22 18:41:55,777 [ZAP-ActiveScanner-0] INFO  User - Authenticating user: jsmith
2018-01-22 18:41:55,977 [ZAP-ActiveScanner-0] INFO  User - Authenticating user: jsmith
2018-01-22 18:41:56,181 [ZAP-ActiveScanner-0] INFO  User - Authenticating user: jsmith
2018-01-22 18:41:56,363 [ZAP-ActiveScanner-0] INFO  HostProcess - completed host/plugin http://demo.testfire.net | SourceCodeDisclosureWEBINF in 1.698s with 8 message(s) sent and 0 alert(s) raised.
2018-01-22 18:41:56,364 [Thread-10] INFO  HostProcess - completed host/plugin http://demo.testfire.net | ShellShockScanner in 1.698s with 2 message(s) sent and 0 alert(s) raised.
2018-01-22 18:41:56,365 [Thread-10] INFO  HostProcess - start host http://demo.testfire.net | Csrftokenscan strength MEDIUM threshold MEDIUM
2018-01-22 18:41:56,389 [ZAP-ActiveScanner-0] INFO  User - Authenticating user: jsmith
2018-01-22 18:41:56,576 [Thread-10] INFO  HostProcess - completed host/plugin http://demo.testfire.net | Csrftokenscan in 0.212s with 1 message(s) sent and 1 alert(s) raised.
2018-01-22 18:41:56,577 [Thread-10] INFO  HostProcess - start host http://demo.testfire.net | HeartBleedActiveScanner strength MEDIUM threshold MEDIUM
2018-01-22 18:41:56,616 [Thread-10] INFO  HostProcess - start host http://demo.testfire.net | CrossDomainScanner strength MEDIUM threshold MEDIUM
2018-01-22 18:41:56,632 [Thread-10] INFO  HostProcess - start host http://demo.testfire.net | SourceCodeDisclosureCVE20121823 strength MEDIUM threshold MEDIUM
2018-01-22 18:41:56,665 [ZAP-ActiveScanner-1] INFO  User - Authenticating user: jsmith
2018-01-22 18:41:56,873 [ZAP-ActiveScanner-1] INFO  User - Authenticating user: jsmith
2018-01-22 18:41:57,059 [ZAP-ActiveScanner-1] INFO  HostProcess - completed host/plugin http://demo.testfire.net | CrossDomainScanner in 0.443s with 2 message(s) sent and 0 alert(s) raised.
2018-01-22 18:41:57,328 [ZAP-ActiveScanner-1] INFO  User - Authenticating user: jsmith
2018-01-22 18:42:11,984 [ZAP-ActiveScanner-0] INFO  HostProcess - completed host/plugin http://demo.testfire.net | HeartBleedActiveScanner in 15.408s with 3 message(s) sent and 0 alert(s) raised.
2018-01-22 18:42:11,985 [Thread-10] INFO  HostProcess - completed host/plugin http://demo.testfire.net | SourceCodeDisclosureCVE20121823 in 15.353s with 1 message(s) sent and 0 alert(s) raised.
2018-01-22 18:42:11,986 [Thread-10] INFO  HostProcess - start host http://demo.testfire.net | RemoteCodeExecutionCVE20121823 strength MEDIUM threshold MEDIUM
2018-01-22 18:42:12,009 [ZAP-ActiveScanner-0] INFO  User - Authenticating user: jsmith
2018-01-22 18:42:12,253 [ZAP-ActiveScanner-0] INFO  User - Authenticating user: jsmith
2018-01-22 18:42:12,430 [Thread-10] INFO  HostProcess - completed host/plugin http://demo.testfire.net | RemoteCodeExecutionCVE20121823 in 0.445s with 2 message(s) sent and 0 alert(s) raised.
2018-01-22 18:42:12,431 [Thread-10] INFO  HostProcess - start host http://demo.testfire.net | SessionFixation strength MEDIUM threshold MEDIUM
2018-01-22 18:42:12,435 [ZAP-ActiveScanner-0] ERROR SessionFixation - An error occurred checking a url for Session Fixation issues
java.lang.NullPointerException
	at org.zaproxy.zap.extension.ascanrulesBeta.SessionFixation.scan(SessionFixation.java:152)
	at org.parosproxy.paros.core.scanner.AbstractPlugin.run(AbstractPlugin.java:380)
	at java.lang.Thread.run(Unknown Source)
2018-01-22 18:42:12,438 [Thread-10] INFO  HostProcess - completed host/plugin http://demo.testfire.net | SessionFixation in 0.007s with 0 message(s) sent and 0 alert(s) raised.
2018-01-22 18:42:12,438 [Thread-10] INFO  HostProcess - start host http://demo.testfire.net | SQLInjectionMySQL strength MEDIUM threshold MEDIUM
2018-01-22 18:42:12,461 [ZAP-ActiveScanner-0] INFO  User - Authenticating user: jsmith
2018-01-22 18:42:12,665 [ZAP-ActiveScanner-0] INFO  User - Authenticating user: jsmith
2018-01-22 18:42:12,879 [ZAP-ActiveScanner-0] INFO  User - Authenticating user: jsmith
2018-01-22 18:42:13,087 [ZAP-ActiveScanner-0] INFO  User - Authenticating user: jsmith
2018-01-22 18:42:13,298 [ZAP-ActiveScanner-0] INFO  User - Authenticating user: jsmith
2018-01-22 18:42:13,517 [ZAP-ActiveScanner-0] INFO  User - Authenticating user: jsmith
2018-01-22 18:42:13,717 [ZAP-ActiveScanner-0] INFO  User - Authenticating user: jsmith
2018-01-22 18:42:13,897 [Thread-10] INFO  HostProcess - completed host/plugin http://demo.testfire.net | SQLInjectionMySQL in 1.459s with 7 message(s) sent and 0 alert(s) raised.
2018-01-22 18:42:13,897 [Thread-10] INFO  HostProcess - start host http://demo.testfire.net | SQLInjectionHypersonic strength MEDIUM threshold MEDIUM
2018-01-22 18:42:13,921 [ZAP-ActiveScanner-0] INFO  User - Authenticating user: jsmith
2018-01-22 18:42:14,122 [ZAP-ActiveScanner-0] INFO  User - Authenticating user: jsmith
2018-01-22 18:42:14,337 [ZAP-ActiveScanner-0] INFO  User - Authenticating user: jsmith
2018-01-22 18:42:14,556 [ZAP-ActiveScanner-0] INFO  User - Authenticating user: jsmith
2018-01-22 18:42:14,779 [ZAP-ActiveScanner-0] INFO  User - Authenticating user: jsmith
2018-01-22 18:42:14,933 [ZAP-ActiveScanner-0] INFO  User - Authenticating user: jsmith
2018-01-22 18:42:15,058 [Thread-10] INFO  HostProcess - completed host/plugin http://demo.testfire.net | SQLInjectionHypersonic in 1.161s with 6 message(s) sent and 0 alert(s) raised.
2018-01-22 18:42:15,058 [Thread-10] INFO  HostProcess - start host http://demo.testfire.net | SQLInjectionOracle strength MEDIUM threshold MEDIUM
2018-01-22 18:42:15,092 [ZAP-ActiveScanner-0] INFO  User - Authenticating user: jsmith
2018-01-22 18:42:15,329 [ZAP-ActiveScanner-0] INFO  User - Authenticating user: jsmith
2018-01-22 18:42:15,528 [ZAP-ActiveScanner-0] INFO  User - Authenticating user: jsmith
2018-01-22 18:42:15,731 [ZAP-ActiveScanner-0] INFO  User - Authenticating user: jsmith
2018-01-22 18:42:15,950 [ZAP-ActiveScanner-0] INFO  User - Authenticating user: jsmith
2018-01-22 18:42:16,154 [ZAP-ActiveScanner-0] INFO  User - Authenticating user: jsmith
2018-01-22 18:42:16,343 [Thread-10] INFO  HostProcess - completed host/plugin http://demo.testfire.net | SQLInjectionOracle in 1.285s with 6 message(s) sent and 0 alert(s) raised.
2018-01-22 18:42:16,344 [Thread-10] INFO  HostProcess - start host http://demo.testfire.net | SQLInjectionPostgresql strength MEDIUM threshold MEDIUM
2018-01-22 18:42:16,370 [ZAP-ActiveScanner-0] INFO  User - Authenticating user: jsmith
2018-01-22 18:42:16,584 [ZAP-ActiveScanner-0] INFO  User - Authenticating user: jsmith
2018-01-22 18:42:16,788 [ZAP-ActiveScanner-0] INFO  User - Authenticating user: jsmith
2018-01-22 18:42:16,998 [ZAP-ActiveScanner-0] INFO  User - Authenticating user: jsmith
2018-01-22 18:42:17,201 [ZAP-ActiveScanner-0] INFO  User - Authenticating user: jsmith
2018-01-22 18:42:17,449 [ZAP-ActiveScanner-0] INFO  User - Authenticating user: jsmith
2018-01-22 18:42:17,676 [Thread-10] INFO  HostProcess - completed host/plugin http://demo.testfire.net | SQLInjectionPostgresql in 1.332s with 6 message(s) sent and 0 alert(s) raised.
2018-01-22 18:42:17,677 [Thread-10] INFO  HostProcess - start host http://demo.testfire.net | XpathInjectionPlugin strength MEDIUM threshold MEDIUM
2018-01-22 18:42:17,703 [ZAP-ActiveScanner-0] INFO  User - Authenticating user: jsmith
2018-01-22 18:42:17,926 [ZAP-ActiveScanner-0] INFO  User - Authenticating user: jsmith
2018-01-22 18:42:18,121 [ZAP-ActiveScanner-0] INFO  User - Authenticating user: jsmith
2018-01-22 18:42:18,306 [Thread-10] INFO  HostProcess - completed host/plugin http://demo.testfire.net | XpathInjectionPlugin in 0.628s with 3 message(s) sent and 0 alert(s) raised.
2018-01-22 18:42:18,306 [Thread-10] INFO  HostProcess - start host http://demo.testfire.net | XXEPlugin strength MEDIUM threshold MEDIUM
2018-01-22 18:42:18,308 [Thread-10] INFO  HostProcess - completed host/plugin http://demo.testfire.net | XXEPlugin in 0.002s with 0 message(s) sent and 0 alert(s) raised.
2018-01-22 18:42:18,308 [Thread-10] INFO  HostProcess - start host http://demo.testfire.net | PaddingOraclePlugin strength MEDIUM threshold MEDIUM
2018-01-22 18:42:18,318 [Thread-10] INFO  HostProcess - completed host/plugin http://demo.testfire.net | PaddingOraclePlugin in 0.009s with 0 message(s) sent and 0 alert(s) raised.
2018-01-22 18:42:18,318 [Thread-10] INFO  HostProcess - start host http://demo.testfire.net | ExpressionLanguageInjectionPlugin strength MEDIUM threshold MEDIUM
2018-01-22 18:42:18,342 [ZAP-ActiveScanner-0] INFO  User - Authenticating user: jsmith
2018-01-22 18:42:18,540 [Thread-10] INFO  HostProcess - completed host/plugin http://demo.testfire.net | ExpressionLanguageInjectionPlugin in 0.221s with 1 message(s) sent and 0 alert(s) raised.
2018-01-22 18:42:18,540 [Thread-10] INFO  HostProcess - start host http://demo.testfire.net | BackupFileDisclosure strength MEDIUM threshold MEDIUM
2018-01-22 18:42:18,549 [Thread-10] INFO  HostProcess - completed host/plugin http://demo.testfire.net | BackupFileDisclosure in 0.009s with 0 message(s) sent and 0 alert(s) raised.
2018-01-22 18:42:18,549 [Thread-10] INFO  HostProcess - start host http://demo.testfire.net | IntegerOverflow strength MEDIUM threshold MEDIUM
2018-01-22 18:42:18,580 [ZAP-ActiveScanner-0] INFO  User - Authenticating user: jsmith
2018-01-22 18:42:18,778 [ZAP-ActiveScanner-0] INFO  User - Authenticating user: jsmith
2018-01-22 18:42:18,985 [ZAP-ActiveScanner-0] INFO  User - Authenticating user: jsmith
2018-01-22 18:42:19,184 [ZAP-ActiveScanner-0] INFO  User - Authenticating user: jsmith
2018-01-22 18:42:19,368 [Thread-10] INFO  HostProcess - completed host/plugin http://demo.testfire.net | IntegerOverflow in 0.819s with 4 message(s) sent and 0 alert(s) raised.
2018-01-22 18:42:19,368 [Thread-10] INFO  HostProcess - start host http://demo.testfire.net | InsecureHTTPMethod strength MEDIUM threshold MEDIUM
2018-01-22 18:42:19,394 [ZAP-ActiveScanner-0] INFO  User - Authenticating user: jsmith
2018-01-22 18:42:19,589 [ZAP-ActiveScanner-0] INFO  User - Authenticating user: jsmith
2018-01-22 18:42:19,813 [Thread-10] INFO  HostProcess - completed host/plugin http://demo.testfire.net | InsecureHTTPMethod in 0.445s with 2 message(s) sent and 0 alert(s) raised.
2018-01-22 18:42:19,813 [Thread-10] INFO  HostProcess - start host http://demo.testfire.net | HPP strength MEDIUM threshold MEDIUM
2018-01-22 18:42:19,816 [Thread-10] INFO  HostProcess - completed host/plugin http://demo.testfire.net | HPP in 0.003s with 0 message(s) sent and 0 alert(s) raised.
2018-01-22 18:42:19,816 [Thread-10] INFO  HostProcess - start host http://demo.testfire.net | UsernameEnumeration strength MEDIUM threshold MEDIUM
2018-01-22 18:42:19,818 [ZAP-ActiveScanner-0] ERROR UsernameEnumeration - An error occurred checking a url for Username Enumeration issues
java.lang.NullPointerException
	at org.zaproxy.zap.extension.ascanrulesBeta.UsernameEnumeration.scan(UsernameEnumeration.java:165)
	at org.parosproxy.paros.core.scanner.AbstractPlugin.run(AbstractPlugin.java:380)
	at java.lang.Thread.run(Unknown Source)
2018-01-22 18:42:19,819 [Thread-10] INFO  HostProcess - completed host/plugin http://demo.testfire.net | UsernameEnumeration in 0.003s with 0 message(s) sent and 0 alert(s) raised.
2018-01-22 18:42:19,819 [Thread-10] INFO  HostProcess - start host http://demo.testfire.net | SOAPActionSpoofingActiveScanner strength MEDIUM threshold MEDIUM
2018-01-22 18:42:19,820 [Thread-10] INFO  HostProcess - completed host/plugin http://demo.testfire.net | SOAPActionSpoofingActiveScanner in 0.001s with 0 message(s) sent and 0 alert(s) raised.
2018-01-22 18:42:19,820 [Thread-10] INFO  HostProcess - start host http://demo.testfire.net | SOAPXMLInjectionActiveScanner strength MEDIUM threshold MEDIUM
2018-01-22 18:42:19,823 [Thread-10] INFO  HostProcess - completed host/plugin http://demo.testfire.net | SOAPXMLInjectionActiveScanner in 0.003s with 0 message(s) sent and 0 alert(s) raised.
2018-01-22 18:42:19,823 [Thread-10] INFO  HostProcess - completed host http://demo.testfire.net in 62.429s
2018-01-22 18:42:19,826 [Thread-9] INFO  Scanner - scanner completed in 62.505s
2018-01-22 18:42:25,370 [Thread-52] INFO  Scanner - scanner stopped
2018-01-22 18:42:25,481 [Thread-52] INFO  ENGINE - dataFileCache commit start
2018-01-22 18:42:25,777 [Thread-52] INFO  ENGINE - dataFileCache commit end
2018-01-22 18:42:25,821 [Thread-52] INFO  ENGINE - Database closed
2018-01-22 18:42:25,924 [Thread-52] INFO  CoreAPI - OWASP ZAP D-2017-12-04 terminated.
